(pypsa-eur) wl767604@login18-x-1:~/Vorlagen/pypsa-eur/envs[41]$ module list
Currently Loaded Modulefiles:
 1) DEVELOP        2) intel/19.0     3) intelmpi/2018  4) python/3.8.7  
(pypsa-eur) wl767604@login18-x-1:~/Vorlagen/pypsa-eur/envs[42]$ gurobi.sh
zsh: command not found: gurobi.sh
(pypsa-eur) wl767604@login18-x-1:~/Vorlagen/pypsa-eur/envs[43]$ module load math
+(0):ERROR:0: Unable to locate a modulefile for 'math'
(pypsa-eur) wl767604@login18-x-1:~/Vorlagen/pypsa-eur/envs[44]$ module load MATH
Loading MATH environment                                                                               [ OK ]
(pypsa-eur) wl767604@login18-x-1:~/Vorlagen/pypsa-eur/envs[45]$ module load python/3.6.0
+(0):ERROR:0: Unable to locate a modulefile for 'python/3.6.0'
(pypsa-eur) wl767604@login18-x-1:~/Vorlagen/pypsa-eur/envs[46]$ module load python/3.6.0
+(0):ERROR:0: Unable to locate a modulefile for 'python/3.6.0'
(pypsa-eur) wl767604@login18-x-1:~/Vorlagen/pypsa-eur/envs[46]$ module load gurobi/9.1.1
+(0):ERROR:0: Unable to locate a modulefile for 'gurobi/9.1.1'
(pypsa-eur) wl767604@login18-x-1:~/Vorlagen/pypsa-eur/envs[47]$ module load gurobi      
Loading gurobi 9.0.0                                                                                   [ OK ]
(pypsa-eur) wl767604@login18-x-1:~/Vorlagen/pypsa-eur/envs[48]$ which gurobi_cl
/usr/local_rwth/sw/gurobi/gurobi900/linux64/bin/gurobi_cl
(pypsa-eur) wl767604@login18-x-1:~/Vorlagen/pypsa-eur/envs[49]$ gurobi.sh
Python 3.7.4 (default, Oct 29 2019, 10:15:53) 
[GCC 4.4.7 20120313 (Red Hat 4.4.7-18)] on linux
Type "help", "copyright", "credits" or "license" for more information.
Using license file /usr/local_rwth/sw/gurobi/gurobi.lic
Set parameter TokenServer to value license6.itc.rwth-aachen.de
Set parameter TSPort to value 50039
Set parameter LogFile to value gurobi.log

Gurobi Interactive Shell (linux64), Version 9.0.0
Copyright (c) 2019, Gurobi Optimization, LLC
Type "help()" for help

gurobi> exit()
(pypsa-eur) wl767604@login18-x-1:~/Vorlagen/pypsa-eur/envs[50]$ python
Python 3.8.8 | packaged by conda-forge | (default, Feb 20 2021, 16:22:27) 
[GCC 9.3.0] on linux
Type "help", "copyright", "credits" or "license" for more information.
>>> import gurobi
>>> exit()
(pypsa-eur) wl767604@login18-x-1:~/Vorlagen/pypsa-eur/envs[51]$ snakemake -j 1 results/networks/elec_s_6_ec_lcopt_Co2L-24H.nc --keep-target-files
Using license file /usr/local_rwth/sw/gurobi/gurobi.lic
Set parameter TokenServer to value license6.itc.rwth-aachen.de
Set parameter TSPort to value 50039
No parameters matching '_test' found
Error: no Snakefile found, tried Snakefile, snakefile, workflow/Snakefile, workflow/snakefile.
(pypsa-eur) wl767604@login18-x-1:~/Vorlagen/pypsa-eur/envs[52]$ cd ..
(pypsa-eur) wl767604@login18-x-1:~/Vorlagen/pypsa-eur[53]$ snakemake -j 1 results/networks/elec_s_6_ec_lcopt_Co2L-24H.nc --keep-target-files
Using license file /usr/local_rwth/sw/gurobi/gurobi.lic
Set parameter TokenServer to value license6.itc.rwth-aachen.de
Set parameter TSPort to value 50039
No parameters matching '_test' found
Building DAG of jobs...
Using shell: /usr/local_rwth/bin/bash
Provided cores: 1 (use --cores to define parallelism)
Rules claiming more threads will be scaled down.
Job counts:
	count	jobs
	1	add_extra_components
	1	cluster_network
	1	prepare_network
	1	simplify_network
	1	solve_network
	5
Select jobs to execute...

[Mon Mar 22 15:54:01 2021]
rule simplify_network:
    input: networks/elec.nc, data/costs.csv, resources/regions_onshore.geojson, resources/regions_offshore.geojson
    output: networks/elec_s.nc, resources/regions_onshore_elec_s.geojson, resources/regions_offshore_elec_s.geojson, resources/busmap_elec_s.csv
    log: logs/simplify_network/elec_s.log
    jobid: 4
    benchmark: benchmarks/simplify_network/elec_s
    wildcards: simpl=
    resources: mem=4000

/home/wl767604/Vorlagen/pypsa-eur/envs/ENTER/envs/pypsa-eur/lib/python3.8/site-packages/pypsa/io.py:771: FutureWarning: Index.__or__ operating as a set operation is deprecated, in the future this will be a logical operation matching Series.__or__.  Use index.union(other) instead
  pnl[attr] = pnl[attr].reindex(columns=(pnl[attr].columns | columns))
INFO:pypsa.io:Imported network elec.nc has buses, carriers, generators, lines, links, loads, storage_units, transformers
INFO:__main__:Mapping all network lines onto a single 380kV layer
INFO:numexpr.utils:Note: NumExpr detected 48 cores but "NUMEXPR_MAX_THREADS" not set, so enforcing safe limit of 8.
INFO:__main__:Simplifying connected link components
/home/wl767604/Vorlagen/pypsa-eur/envs/ENTER/envs/pypsa-eur/lib/python3.8/site-packages/pypsa/io.py:771: FutureWarning: Index.__or__ operating as a set operation is deprecated, in the future this will be a logical operation matching Series.__or__.  Use index.union(other) instead
  pnl[attr] = pnl[attr].reindex(columns=(pnl[attr].columns | columns))
/home/wl767604/Vorlagen/pypsa-eur/envs/ENTER/envs/pypsa-eur/lib/python3.8/site-packages/pypsa/io.py:771: FutureWarning: Index.__or__ operating as a set operation is deprecated, in the future this will be a logical operation matching Series.__or__.  Use index.union(other) instead
  pnl[attr] = pnl[attr].reindex(columns=(pnl[attr].columns | columns))
/home/wl767604/Vorlagen/pypsa-eur/envs/ENTER/envs/pypsa-eur/lib/python3.8/site-packages/pypsa/io.py:771: FutureWarning: Index.__or__ operating as a set operation is deprecated, in the future this will be a logical operation matching Series.__or__.  Use index.union(other) instead
  pnl[attr] = pnl[attr].reindex(columns=(pnl[attr].columns | columns))
INFO:__main__:Removing stubs
INFO:__main__:Displacing offwind-ac generator(s) and adding connection costs to capital_costs: 22272 Eur/MW/a for `5637 offwind-ac` 
INFO:__main__:Displacing offwind-dc generator(s) and adding connection costs to capital_costs: 28596 Eur/MW/a for `5630 offwind-dc`, 27080 Eur/MW/a for `5631 offwind-dc`, 30396 Eur/MW/a for `5635 offwind-dc`, 15979 Eur/MW/a for `5636 offwind-dc` 
/home/wl767604/Vorlagen/pypsa-eur/envs/ENTER/envs/pypsa-eur/lib/python3.8/site-packages/pypsa/io.py:771: FutureWarning: Index.__or__ operating as a set operation is deprecated, in the future this will be a logical operation matching Series.__or__.  Use index.union(other) instead
  pnl[attr] = pnl[attr].reindex(columns=(pnl[attr].columns | columns))
/home/wl767604/Vorlagen/pypsa-eur/envs/ENTER/envs/pypsa-eur/lib/python3.8/site-packages/pypsa/io.py:771: FutureWarning: Index.__or__ operating as a set operation is deprecated, in the future this will be a logical operation matching Series.__or__.  Use index.union(other) instead
  pnl[attr] = pnl[attr].reindex(columns=(pnl[attr].columns | columns))
/home/wl767604/Vorlagen/pypsa-eur/envs/ENTER/envs/pypsa-eur/lib/python3.8/site-packages/pypsa/io.py:771: FutureWarning: Index.__or__ operating as a set operation is deprecated, in the future this will be a logical operation matching Series.__or__.  Use index.union(other) instead
  pnl[attr] = pnl[attr].reindex(columns=(pnl[attr].columns | columns))
INFO:pypsa.io:Exported network elec_s.nc has lines, loads, carriers, storage_units, buses, generators
[Mon Mar 22 15:55:14 2021]
Finished job 4.
1 of 5 steps (20%) done
Select jobs to execute...

[Mon Mar 22 15:55:14 2021]
rule cluster_network:
    input: networks/elec_s.nc, resources/regions_onshore_elec_s.geojson, resources/regions_offshore_elec_s.geojson, resources/busmap_elec_s.csv, data/costs.csv
    output: networks/elec_s_6.nc, resources/regions_onshore_elec_s_6.geojson, resources/regions_offshore_elec_s_6.geojson, resources/busmap_elec_s_6.csv, resources/linemap_elec_s_6.csv
    log: logs/cluster_network/elec_s_6.log
    jobid: 3
    benchmark: benchmarks/cluster_network/elec_s_6
    wildcards: simpl=, clusters=6
    resources: mem=3000

/home/wl767604/Vorlagen/pypsa-eur/envs/ENTER/envs/pypsa-eur/lib/python3.8/site-packages/pypsa/io.py:771: FutureWarning: Index.__or__ operating as a set operation is deprecated, in the future this will be a logical operation matching Series.__or__.  Use index.union(other) instead
  pnl[attr] = pnl[attr].reindex(columns=(pnl[attr].columns | columns))
INFO:pypsa.io:Imported network elec_s.nc has buses, carriers, generators, lines, loads, storage_units
INFO:numexpr.utils:Note: NumExpr detected 48 cores but "NUMEXPR_MAX_THREADS" not set, so enforcing safe limit of 8.
/home/wl767604/Vorlagen/pypsa-eur/envs/ENTER/envs/pypsa-eur/lib/python3.8/site-packages/pypsa/io.py:771: FutureWarning: Index.__or__ operating as a set operation is deprecated, in the future this will be a logical operation matching Series.__or__.  Use index.union(other) instead
  pnl[attr] = pnl[attr].reindex(columns=(pnl[attr].columns | columns))
/home/wl767604/Vorlagen/pypsa-eur/envs/ENTER/envs/pypsa-eur/lib/python3.8/site-packages/pypsa/io.py:771: FutureWarning: Index.__or__ operating as a set operation is deprecated, in the future this will be a logical operation matching Series.__or__.  Use index.union(other) instead
  pnl[attr] = pnl[attr].reindex(columns=(pnl[attr].columns | columns))
/home/wl767604/Vorlagen/pypsa-eur/envs/ENTER/envs/pypsa-eur/lib/python3.8/site-packages/pypsa/io.py:771: FutureWarning: Index.__or__ operating as a set operation is deprecated, in the future this will be a logical operation matching Series.__or__.  Use index.union(other) instead
  pnl[attr] = pnl[attr].reindex(columns=(pnl[attr].columns | columns))
INFO:pypsa.io:Exported network elec_s_6.nc has generators, storage_units, lines, carriers, loads, buses
[Mon Mar 22 15:55:56 2021]
Finished job 3.
2 of 5 steps (40%) done
Select jobs to execute...

[Mon Mar 22 15:55:56 2021]
rule add_extra_components:
    input: networks/elec_s_6.nc, data/costs.csv
    output: networks/elec_s_6_ec.nc
    log: logs/add_extra_components/elec_s_6.log
    jobid: 2
    benchmark: benchmarks/add_extra_components/elec_s_6_ec
    wildcards: simpl=, clusters=6
    resources: mem=3000

/home/wl767604/Vorlagen/pypsa-eur/envs/ENTER/envs/pypsa-eur/lib/python3.8/site-packages/pypsa/io.py:771: FutureWarning: Index.__or__ operating as a set operation is deprecated, in the future this will be a logical operation matching Series.__or__.  Use index.union(other) instead
  pnl[attr] = pnl[attr].reindex(columns=(pnl[attr].columns | columns))
INFO:pypsa.io:Imported network elec_s_6.nc has buses, carriers, generators, lines, loads, storage_units
INFO:numexpr.utils:Note: NumExpr detected 48 cores but "NUMEXPR_MAX_THREADS" not set, so enforcing safe limit of 8.
INFO:pypsa.io:Exported network elec_s_6_ec.nc has buses, lines, storage_units, loads, carriers, generators
[Mon Mar 22 15:56:11 2021]
Finished job 2.
3 of 5 steps (60%) done
Select jobs to execute...

[Mon Mar 22 15:56:11 2021]
rule prepare_network:
    input: networks/elec_s_6_ec.nc, data/costs.csv
    output: networks/elec_s_6_ec_lcopt_Co2L-24H.nc
    log: logs/prepare_network/elec_s_6_ec_lcopt_Co2L-24H.log
    jobid: 1
    benchmark: benchmarks/prepare_network/elec_s_6_ec_lcopt_Co2L-24H
    wildcards: simpl=, clusters=6, ll=copt, opts=Co2L-24H
    resources: mem=4000

/home/wl767604/Vorlagen/pypsa-eur/envs/ENTER/envs/pypsa-eur/lib/python3.8/site-packages/pypsa/io.py:771: FutureWarning: Index.__or__ operating as a set operation is deprecated, in the future this will be a logical operation matching Series.__or__.  Use index.union(other) instead
  pnl[attr] = pnl[attr].reindex(columns=(pnl[attr].columns | columns))
INFO:pypsa.io:Imported network elec_s_6_ec.nc has buses, carriers, generators, lines, loads, storage_units
INFO:__main__:N-1 security margin of lines set to 0.7
INFO:__main__:Resampling the network to 24H
/rwthfs/rz/cluster/home/wl767604/Vorlagen/pypsa-eur/.snakemake/scripts/tmp0ovygf36.prepare_network.py:109: DeprecationWarning: The default dtype for empty Series will be 'object' instead of 'float64' in a future version. Specify a dtype explicitly to silence this warning.
  links_dc_b = n.links.carrier == 'DC' if not n.links.empty else pd.Series()
INFO:numexpr.utils:Note: NumExpr detected 48 cores but "NUMEXPR_MAX_THREADS" not set, so enforcing safe limit of 8.
INFO:pypsa.io:Exported network elec_s_6_ec_lcopt_Co2L-24H.nc has global_constraints, loads, carriers, storage_units, generators, lines, buses
[Mon Mar 22 15:56:28 2021]
Finished job 1.
4 of 5 steps (80%) done
Select jobs to execute...

[Mon Mar 22 15:56:29 2021]
rule solve_network:
    input: networks/elec_s_6_ec_lcopt_Co2L-24H.nc
    output: results/networks/elec_s_6_ec_lcopt_Co2L-24H.nc
    log: logs/solve_network/elec_s_6_ec_lcopt_Co2L-24H_solver.log, logs/solve_network/elec_s_6_ec_lcopt_Co2L-24H_python.log, logs/solve_network/elec_s_6_ec_lcopt_Co2L-24H_memory.log
    jobid: 0
    benchmark: benchmarks/solve_network/elec_s_6_ec_lcopt_Co2L-24H
    wildcards: simpl=, clusters=6, ll=copt, opts=Co2L-24H
    resources: mem=1396

Using license file /usr/local_rwth/sw/gurobi/gurobi.lic
Set parameter TokenServer to value license6.itc.rwth-aachen.de
Set parameter TSPort to value 50039
No parameters matching '_test' found
Job counts:
	count	jobs
	1	solve_network
	1
/home/wl767604/Vorlagen/pypsa-eur/envs/ENTER/envs/pypsa-eur/lib/python3.8/site-packages/pypsa/io.py:771: FutureWarning: Index.__or__ operating as a set operation is deprecated, in the future this will be a logical operation matching Series.__or__.  Use index.union(other) instead
  pnl[attr] = pnl[attr].reindex(columns=(pnl[attr].columns | columns))
INFO:pypsa.io:Imported network elec_s_6_ec_lcopt_Co2L-24H.nc has buses, carriers, generators, global_constraints, lines, loads, storage_units
INFO:numexpr.utils:Note: NumExpr detected 48 cores but "NUMEXPR_MAX_THREADS" not set, so enforcing safe limit of 8.
/home/wl767604/Vorlagen/pypsa-eur/envs/ENTER/envs/pypsa-eur/lib/python3.8/site-packages/pypsa/linopf.py:984: FutureWarning: Index.__and__ operating as a set operation is deprecated, in the future this will be a logical operation matching Series.__and__.  Use index.intersection(other) instead
  ext_typed_i = ext_i & typed_i
INFO:pypsa.linopf:Prepare linear problem
/home/wl767604/Vorlagen/pypsa-eur/envs/ENTER/envs/pypsa-eur/lib/python3.8/site-packages/pypsa/linopf.py:85: FutureWarning: Index.__or__ operating as a set operation is deprecated, in the future this will be a logical operation matching Series.__or__.  Use index.union(other) instead
  ext_i = ext_i | n.generators.query('committable').index
/home/wl767604/Vorlagen/pypsa-eur/envs/ENTER/envs/pypsa-eur/lib/python3.8/site-packages/pypsa/linopf.py:185: FutureWarning: Index.__and__ operating as a set operation is deprecated, in the future this will be a logical operation matching Series.__and__.  Use index.intersection(other) instead
  if not (ext_i & com_i).empty:
INFO:pypsa.linopf:Total preparation time: 0.43s
INFO:pypsa.linopf:Solve linear problem using Gurobi solver
Using license file /usr/local_rwth/sw/gurobi/gurobi.lic
Set parameter TokenServer to value license6.itc.rwth-aachen.de
Set parameter TSPort to value 50039
Read LP format model from file /tmp/wl767604/login18-x-1_147050/pypsa-problem-59nwo2oa.lp
Reading time = 0.16 seconds
obj: 73366 rows, 34335 columns, 137429 nonzeros
Changed value of parameter threads to 4
   Prev: 0  Min: 0  Max: 1024  Default: 0
Changed value of parameter method to 2
   Prev: -1  Min: -1  Max: 5  Default: -1
Changed value of parameter crossover to 0
   Prev: -1  Min: -1  Max: 5  Default: -1
Changed value of parameter BarConvTol to 1e-05
   Prev: 1e-08  Min: 0.0  Max: 1.0  Default: 1e-08
Parameter FeasibilityTol unchanged
   Value: 1e-06  Min: 1e-09  Max: 0.01  Default: 1e-06
Changed value of parameter AggFill to 0
   Prev: -1  Min: -1  Max: 2000000000  Default: -1
Changed value of parameter PreDual to 0
   Prev: -1  Min: -1  Max: 2  Default: -1
Changed value of parameter GURO_PAR_BARDENSETHRESH to 200
   Prev: -1  Min: -1  Max: 2000000000  Default: -1
Gurobi Optimizer version 9.1.1 build v9.1.1rc0 (linux64)
Thread count: 48 physical cores, 48 logical processors, using up to 4 threads
Optimize a model with 73366 rows, 34335 columns and 137429 nonzeros
Model fingerprint: 0x50b867ad
Coefficient statistics:
  Matrix range     [1e-02, 3e+01]
  Objective range  [2e-01, 2e+05]
  Bounds range     [1e+00, 8e+09]
  RHS range        [4e+00, 8e+07]
Warning: Model contains large bounds
         Consider reformulating model or setting NumericFocus parameter
         to avoid numerical issues.
Presolve removed 55656 rows and 915 columns
Presolve time: 0.06s
Presolved: 17710 rows, 33420 columns, 80859 nonzeros
Ordering time: 0.00s

Barrier statistics:
 Dense cols : 24
 Free vars  : 2920
 AA' NZ     : 5.440e+04
 Factor NZ  : 3.053e+05 (roughly 23 MBytes of memory)
 Factor Ops : 8.258e+06 (less than 1 second per iteration)
 Threads    : 4

                  Objective                Residual
Iter       Primal          Dual         Primal    Dual     Compl     Time
   0   7.59420306e+12 -5.51981041e+12  1.10e+09 3.58e+03  2.70e+10     0s
   1   6.53773934e+12 -6.01374938e+12  8.36e+08 2.95e+04  1.79e+10     0s
   2   1.54504904e+12 -6.62730897e+12  1.88e+08 1.57e+04  4.41e+09     0s
   3   3.38324928e+11 -6.27465098e+12  2.43e+07 1.04e+03  6.28e+08     0s
   4   1.84849764e+11 -3.11969000e+12  4.00e+03 6.14e-01  1.42e+08     0s
   5   1.27377567e+11 -1.43398407e+12  1.24e+03 1.17e-01  4.41e+07     0s
   6   1.00536303e+11 -1.05748820e+12  7.02e+02 7.68e-02  2.75e+07     0s
   7   6.94933892e+10 -7.06344190e+11  1.84e+02 4.75e-02  1.38e+07     0s
   8   5.32713632e+10 -4.73038976e+11  4.95e+01 3.14e-02  8.35e+06     0s
   9   4.24095535e+10 -3.22490337e+11  2.43e+01 2.14e-02  5.64e+06     0s
  10   3.36436524e+10 -1.95596061e+11  1.21e+01 1.33e-02  3.50e+06     0s
  11   2.86217803e+10 -1.28098211e+11  7.40e+00 9.15e-03  2.38e+06     0s
  12   2.45636726e+10 -7.35383202e+10  4.68e+00 5.80e-03  1.48e+06     0s
  13   2.10837932e+10 -3.63510502e+10  2.76e+00 3.44e-03  8.65e+05     0s
  14   1.86192534e+10 -1.72146438e+10  1.70e+00 2.35e-03  5.39e+05     0s
  15   1.68453611e+10 -1.00777422e+10  1.10e+00 2.33e-03  4.04e+05     0s
  16   1.52193359e+10 -2.95205019e+09  6.73e-01 2.11e-03  2.73e+05     0s
  17   1.46257753e+10  2.23046756e+08  5.50e-01 2.12e-03  2.16e+05     0s
  18   1.42072334e+10  2.45089364e+09  4.71e-01 2.09e-03  1.76e+05     0s
  19   1.34807908e+10  4.60101491e+09  3.35e-01 1.99e-03  1.33e+05     0s
  20   1.28331955e+10  6.76336770e+09  2.34e-01 1.88e-03  9.09e+04     0s
  21   1.22915926e+10  8.02867164e+09  1.54e-01 1.76e-03  6.38e+04     0s
  22   1.19483689e+10  8.82464345e+09  1.09e-01 1.65e-03  4.68e+04     0s
  23   1.17472006e+10  9.72409968e+09  8.42e-02 1.74e-03  3.03e+04     0s
  24   1.16485865e+10  9.95478790e+09  7.29e-02 1.59e-03  2.54e+04     1s
  25   1.14246021e+10  1.04824537e+10  4.78e-02 1.27e-03  1.41e+04     1s
  26   1.12752610e+10  1.05546644e+10  3.18e-02 1.17e-03  1.08e+04     1s
  27   1.11508099e+10  1.06391036e+10  1.90e-02 1.03e-03  7.66e+03     1s
  28   1.10771070e+10  1.07468665e+10  1.15e-02 7.15e-04  4.94e+03     1s
  29   1.10407175e+10  1.08164495e+10  7.98e-03 6.56e-04  3.36e+03     1s
  30   1.10095924e+10  1.08614043e+10  4.99e-03 5.99e-04  2.22e+03     1s
  31   1.09962390e+10  1.09007955e+10  3.81e-03 5.23e-04  1.43e+03     1s
  32   1.09848545e+10  1.09114443e+10  2.80e-03 4.58e-04  1.10e+03     1s
  33   1.09744442e+10  1.09301185e+10  1.81e-03 3.22e-04  6.64e+02     1s
  34   1.09703381e+10  1.09371475e+10  1.45e-03 2.88e-04  4.97e+02     1s
  35   1.09614948e+10  1.09460075e+10  6.95e-04 2.91e-04  2.32e+02     1s
  36   1.09574184e+10  1.09480127e+10  3.53e-04 2.94e-04  1.41e+02     1s
  37   1.09564159e+10  1.09504991e+10  2.73e-04 4.82e-04  8.86e+01     1s
  38   1.09541813e+10  1.09515797e+10  9.15e-05 6.10e-04  3.89e+01     1s
  39   1.09536534e+10  1.09523527e+10  5.18e-05 7.44e-04  1.95e+01     1s
  40   1.09533431e+10  1.09525983e+10  2.83e-05 4.63e-04  1.12e+01     1s
  41   1.09530026e+10  1.09528845e+10  3.28e-06 3.36e-04  1.77e+00     1s
  42   1.09529673e+10  1.09529396e+10  9.77e-07 1.24e-04  4.15e-01     1s
  43   1.09529582e+10  1.09529464e+10  4.44e-07 6.47e-05  1.77e-01     1s
  44   1.09529544e+10  1.09529482e+10  2.41e-07 3.02e-05  9.29e-02     1s

Barrier solved model in 44 iterations and 0.91 seconds
Optimal objective 1.09529544e+10

INFO:pypsa.linopt:No model basis stored
INFO:pypsa.linopf:Optimization successful. Objective value: 1.10e+10
/home/wl767604/Vorlagen/pypsa-eur/envs/ENTER/envs/pypsa-eur/lib/python3.8/site-packages/pypsa/linopf.py:992: FutureWarning: Index.__and__ operating as a set operation is deprecated, in the future this will be a logical operation matching Series.__and__.  Use index.intersection(other) instead
  ln_i = (n.lines.query('carrier == @carrier').index & ext_untyped_i)
/home/wl767604/Vorlagen/pypsa-eur/envs/ENTER/envs/pypsa-eur/lib/python3.8/site-packages/pypsa/linopf.py:994: FutureWarning: Index.__and__ operating as a set operation is deprecated, in the future this will be a logical operation matching Series.__and__.  Use index.intersection(other) instead
  ln_i = ext_i & typed_i
INFO:pypsa.linopf:Mean square difference after iteration 1 is 1.0498497993959346
INFO:pypsa.linopf:Prepare linear problem
/home/wl767604/Vorlagen/pypsa-eur/envs/ENTER/envs/pypsa-eur/lib/python3.8/site-packages/pypsa/linopf.py:85: FutureWarning: Index.__or__ operating as a set operation is deprecated, in the future this will be a logical operation matching Series.__or__.  Use index.union(other) instead
  ext_i = ext_i | n.generators.query('committable').index
/home/wl767604/Vorlagen/pypsa-eur/envs/ENTER/envs/pypsa-eur/lib/python3.8/site-packages/pypsa/linopf.py:185: FutureWarning: Index.__and__ operating as a set operation is deprecated, in the future this will be a logical operation matching Series.__and__.  Use index.intersection(other) instead
  if not (ext_i & com_i).empty:
INFO:pypsa.linopf:Total preparation time: 0.42s
INFO:pypsa.linopf:Solve linear problem using Gurobi solver
Read LP format model from file /tmp/wl767604/login18-x-1_147050/pypsa-problem-iyd0jx5g.lp
Reading time = 0.16 seconds
obj: 73366 rows, 34335 columns, 137429 nonzeros
Changed value of parameter threads to 4
   Prev: 0  Min: 0  Max: 1024  Default: 0
Changed value of parameter method to 2
   Prev: -1  Min: -1  Max: 5  Default: -1
Changed value of parameter crossover to 0
   Prev: -1  Min: -1  Max: 5  Default: -1
Changed value of parameter BarConvTol to 1e-05
   Prev: 1e-08  Min: 0.0  Max: 1.0  Default: 1e-08
Parameter FeasibilityTol unchanged
   Value: 1e-06  Min: 1e-09  Max: 0.01  Default: 1e-06
Changed value of parameter AggFill to 0
   Prev: -1  Min: -1  Max: 2000000000  Default: -1
Changed value of parameter PreDual to 0
   Prev: -1  Min: -1  Max: 2  Default: -1
Changed value of parameter GURO_PAR_BARDENSETHRESH to 200
   Prev: -1  Min: -1  Max: 2000000000  Default: -1
Gurobi Optimizer version 9.1.1 build v9.1.1rc0 (linux64)
Thread count: 48 physical cores, 48 logical processors, using up to 4 threads
Optimize a model with 73366 rows, 34335 columns and 137429 nonzeros
Model fingerprint: 0xb4ab14d6
Coefficient statistics:
  Matrix range     [1e-02, 3e+01]
  Objective range  [2e-01, 2e+05]
  Bounds range     [1e+00, 8e+09]
  RHS range        [4e+00, 8e+07]
Warning: Model contains large bounds
         Consider reformulating model or setting NumericFocus parameter
         to avoid numerical issues.
Presolve removed 55656 rows and 915 columns
Presolve time: 0.05s
Presolved: 17710 rows, 33420 columns, 80859 nonzeros
Ordering time: 0.00s

Barrier statistics:
 Dense cols : 24
 Free vars  : 2920
 AA' NZ     : 5.440e+04
 Factor NZ  : 3.053e+05 (roughly 23 MBytes of memory)
 Factor Ops : 8.258e+06 (less than 1 second per iteration)
 Threads    : 4

                  Objective                Residual
Iter       Primal          Dual         Primal    Dual     Compl     Time
   0   7.59420306e+12 -5.51981041e+12  1.10e+09 3.58e+03  2.70e+10     0s
   1   6.53775745e+12 -6.01396943e+12  8.36e+08 2.95e+04  1.79e+10     0s
   2   1.54652342e+12 -6.62487677e+12  1.88e+08 1.57e+04  4.42e+09     0s
   3   3.37889811e+11 -6.26118012e+12  2.39e+07 1.04e+03  6.22e+08     0s
   4   1.78562245e+11 -2.90753553e+12  1.12e+06 2.09e-01  7.90e+07     0s
   5   9.62427833e+10 -1.24145840e+12  1.34e+02 7.47e-02  2.21e+07     0s
   6   8.30511593e+10 -6.02447722e+11  8.53e+01 3.47e-02  1.12e+07     0s
   7   6.07908019e+10 -5.08856265e+11  1.53e+01 2.92e-02  8.67e+06     0s
   8   4.91172384e+10 -3.12118438e+11  4.83e+00 1.66e-02  5.44e+06     0s
   9   3.90313568e+10 -2.08024199e+11  2.68e+00 1.06e-02  3.71e+06     0s
  10   2.92514943e+10 -7.13241184e+10  1.36e+00 8.08e-03  1.51e+06     0s
  11   2.20698376e+10 -4.76858022e+10  7.63e-01 6.98e-03  1.05e+06     0s
  12   1.93819706e+10 -1.54884777e+10  5.26e-01 4.57e-03  5.23e+05     0s
  13   1.66551744e+10 -2.40782341e+09  2.74e-01 3.79e-03  2.86e+05     0s
  14   1.46449408e+10  5.64787188e+09  1.61e-01 6.45e-03  1.35e+05     0s
  15   1.40142431e+10  6.42507993e+09  1.30e-01 7.37e-03  1.14e+05     0s
  16   1.33978459e+10  7.40416670e+09  1.01e-01 7.99e-03  8.97e+04     0s
  17   1.28368346e+10  8.78547128e+09  7.69e-02 8.10e-03  6.06e+04     0s
  18   1.27605535e+10  8.95822686e+09  7.36e-02 7.88e-03  5.69e+04     0s
  19   1.25156855e+10  9.21444310e+09  6.35e-02 7.68e-03  4.94e+04     0s
  20   1.22854993e+10  9.74286504e+09  5.40e-02 6.58e-03  3.81e+04     0s
  21   1.20351956e+10  1.00413638e+10  4.42e-02 5.61e-03  2.98e+04     0s
  22   1.18092482e+10  1.03433512e+10  3.46e-02 5.10e-03  2.19e+04     0s
  23   1.16930297e+10  1.04221681e+10  3.00e-02 4.38e-03  1.90e+04     0s
  24   1.14335484e+10  1.04855725e+10  1.98e-02 4.15e-03  1.42e+04     1s
  25   1.13555485e+10  1.05919083e+10  1.65e-02 3.66e-03  1.14e+04     1s
  26   1.12832484e+10  1.07488177e+10  1.34e-02 2.85e-03  8.00e+03     1s
  27   1.12141434e+10  1.08161982e+10  1.05e-02 2.28e-03  5.96e+03     1s
  28   1.10928272e+10  1.08545993e+10  5.49e-03 1.93e-03  3.57e+03     1s
  29   1.10626072e+10  1.08768945e+10  4.26e-03 1.70e-03  2.78e+03     1s
  30   1.10442126e+10  1.08890763e+10  3.51e-03 1.52e-03  2.32e+03     1s
  31   1.10119428e+10  1.09082032e+10  2.20e-03 1.23e-03  1.55e+03     1s
  32   1.09975975e+10  1.09255139e+10  1.64e-03 8.60e-04  1.08e+03     1s
  33   1.09801069e+10  1.09303653e+10  9.68e-04 8.63e-04  7.45e+02     1s
  34   1.09704147e+10  1.09424890e+10  5.87e-04 5.44e-04  4.18e+02     1s
  35   1.09613827e+10  1.09511447e+10  2.33e-04 4.54e-04  1.53e+02     1s
  36   1.09587408e+10  1.09530046e+10  1.40e-04 1.15e-03  8.59e+01     1s
  37   1.09570319e+10  1.09539360e+10  7.80e-05 1.17e-03  4.63e+01     1s
  38   1.09552299e+10  1.09542938e+10  1.49e-05 8.05e-04  1.40e+01     1s
  39   1.09549102e+10  1.09546568e+10  4.19e-06 2.01e-04  3.79e+00     1s
  40   1.09548143e+10  1.09547290e+10  1.18e-06 7.25e-05  1.28e+00     1s
  41   1.09547873e+10  1.09547586e+10  3.67e-07 2.80e-05  4.29e-01     1s
  42   1.09547811e+10  1.09547658e+10  1.93e-07 2.57e-05  2.30e-01     1s

Barrier solved model in 42 iterations and 0.88 seconds
Optimal objective 1.09547811e+10

INFO:pypsa.linopt:No model basis stored
INFO:pypsa.linopf:Optimization successful. Objective value: 1.10e+10
/home/wl767604/Vorlagen/pypsa-eur/envs/ENTER/envs/pypsa-eur/lib/python3.8/site-packages/pypsa/linopf.py:992: FutureWarning: Index.__and__ operating as a set operation is deprecated, in the future this will be a logical operation matching Series.__and__.  Use index.intersection(other) instead
  ln_i = (n.lines.query('carrier == @carrier').index & ext_untyped_i)
/home/wl767604/Vorlagen/pypsa-eur/envs/ENTER/envs/pypsa-eur/lib/python3.8/site-packages/pypsa/linopf.py:994: FutureWarning: Index.__and__ operating as a set operation is deprecated, in the future this will be a logical operation matching Series.__and__.  Use index.intersection(other) instead
  ln_i = ext_i & typed_i
INFO:pypsa.linopf:Mean square difference after iteration 2 is 0.0
INFO:pypsa.linopf:Prepare linear problem
/home/wl767604/Vorlagen/pypsa-eur/envs/ENTER/envs/pypsa-eur/lib/python3.8/site-packages/pypsa/linopf.py:85: FutureWarning: Index.__or__ operating as a set operation is deprecated, in the future this will be a logical operation matching Series.__or__.  Use index.union(other) instead
  ext_i = ext_i | n.generators.query('committable').index
/home/wl767604/Vorlagen/pypsa-eur/envs/ENTER/envs/pypsa-eur/lib/python3.8/site-packages/pypsa/linopf.py:185: FutureWarning: Index.__and__ operating as a set operation is deprecated, in the future this will be a logical operation matching Series.__and__.  Use index.intersection(other) instead
  if not (ext_i & com_i).empty:
INFO:pypsa.linopf:Total preparation time: 0.39s
INFO:pypsa.linopf:Solve linear problem using Gurobi solver
Read LP format model from file /tmp/wl767604/login18-x-1_147050/pypsa-problem-_k4z53j0.lp
Reading time = 0.15 seconds
obj: 73366 rows, 34335 columns, 137429 nonzeros
Changed value of parameter threads to 4
   Prev: 0  Min: 0  Max: 1024  Default: 0
Changed value of parameter method to 2
   Prev: -1  Min: -1  Max: 5  Default: -1
Changed value of parameter crossover to 0
   Prev: -1  Min: -1  Max: 5  Default: -1
Changed value of parameter BarConvTol to 1e-05
   Prev: 1e-08  Min: 0.0  Max: 1.0  Default: 1e-08
Parameter FeasibilityTol unchanged
   Value: 1e-06  Min: 1e-09  Max: 0.01  Default: 1e-06
Changed value of parameter AggFill to 0
   Prev: -1  Min: -1  Max: 2000000000  Default: -1
Changed value of parameter PreDual to 0
   Prev: -1  Min: -1  Max: 2  Default: -1
Changed value of parameter GURO_PAR_BARDENSETHRESH to 200
   Prev: -1  Min: -1  Max: 2000000000  Default: -1
Gurobi Optimizer version 9.1.1 build v9.1.1rc0 (linux64)
Thread count: 48 physical cores, 48 logical processors, using up to 4 threads
Optimize a model with 73366 rows, 34335 columns and 137429 nonzeros
Model fingerprint: 0x6dce37a7
Coefficient statistics:
  Matrix range     [1e-02, 3e+01]
  Objective range  [2e-01, 2e+05]
  Bounds range     [1e+00, 8e+09]
  RHS range        [4e+00, 8e+07]
Warning: Model contains large bounds
         Consider reformulating model or setting NumericFocus parameter
         to avoid numerical issues.
Presolve removed 55656 rows and 915 columns
Presolve time: 0.05s
Presolved: 17710 rows, 33420 columns, 80859 nonzeros
Ordering time: 0.00s

Barrier statistics:
 Dense cols : 24
 Free vars  : 2920
 AA' NZ     : 5.440e+04
 Factor NZ  : 3.053e+05 (roughly 23 MBytes of memory)
 Factor Ops : 8.258e+06 (less than 1 second per iteration)
 Threads    : 4

                  Objective                Residual
Iter       Primal          Dual         Primal    Dual     Compl     Time
   0   7.59420306e+12 -5.51981041e+12  1.10e+09 3.58e+03  2.70e+10     0s
   1   6.53775912e+12 -6.01398764e+12  8.36e+08 2.95e+04  1.79e+10     0s
   2   1.54663000e+12 -6.62496749e+12  1.88e+08 1.57e+04  4.42e+09     0s
   3   3.37502517e+11 -6.26008251e+12  2.39e+07 1.03e+03  6.21e+08     0s
   4   1.78590341e+11 -2.90294120e+12  1.08e+06 2.10e-01  7.93e+07     0s
   5   9.63306906e+10 -1.23583700e+12  1.35e+02 7.46e-02  2.21e+07     0s
   6   8.32313698e+10 -6.07213818e+11  8.63e+01 3.51e-02  1.12e+07     0s
   7   6.08203544e+10 -5.09195888e+11  1.53e+01 2.93e-02  8.68e+06     0s
   8   4.76592520e+10 -3.14326455e+11  5.36e+00 1.68e-02  5.46e+06     0s
   9   3.98306712e+10 -1.78566276e+11  3.71e+00 9.19e-03  3.29e+06     0s
  10   2.88907577e+10 -6.93147186e+10  1.91e+00 1.09e-02  1.48e+06     0s
  11   2.20022894e+10 -3.26919109e+10  1.12e+00 6.06e-03  8.21e+05     0s
  12   1.86080772e+10 -4.13566201e+09  7.17e-01 6.23e-03  3.41e+05     0s
  13   1.52050199e+10  5.43576758e+09  3.50e-01 6.10e-03  1.46e+05     0s
  14   1.38992807e+10  7.99346562e+09  2.37e-01 8.24e-03  8.85e+04     0s
  15   1.29306230e+10  8.63789769e+09  1.53e-01 6.59e-03  6.43e+04     0s
  16   1.23128681e+10  9.33649419e+09  1.01e-01 5.24e-03  4.46e+04     0s
  17   1.19504669e+10  9.84289389e+09  7.24e-02 4.35e-03  3.16e+04     0s
  18   1.16829641e+10  1.01343250e+10  5.19e-02 4.07e-03  2.32e+04     0s
  19   1.14345527e+10  1.03951691e+10  3.31e-02 3.58e-03  1.56e+04     0s
  20   1.11693517e+10  1.07030918e+10  1.37e-02 3.26e-03  6.98e+03     0s
  21   1.10809699e+10  1.07763230e+10  8.00e-03 2.98e-03  4.56e+03     0s
  22   1.10425880e+10  1.08356982e+10  5.50e-03 2.46e-03  3.10e+03     0s
  23   1.10132695e+10  1.08614415e+10  3.62e-03 2.15e-03  2.27e+03     0s
  24   1.09981529e+10  1.08779696e+10  2.62e-03 1.90e-03  1.80e+03     0s
  25   1.09873399e+10  1.09073705e+10  1.92e-03 1.36e-03  1.20e+03     1s
  26   1.09747354e+10  1.09216150e+10  1.15e-03 1.11e-03  7.95e+02     1s
  27   1.09673061e+10  1.09368036e+10  6.61e-04 7.36e-04  4.57e+02     1s
  28   1.09633057e+10  1.09470921e+10  4.37e-04 4.46e-04  2.43e+02     1s
  29   1.09597295e+10  1.09508094e+10  2.33e-04 3.58e-04  1.34e+02     1s
  30   1.09578767e+10  1.09535879e+10  1.30e-04 9.53e-04  6.42e+01     1s
  31   1.09563013e+10  1.09550115e+10  4.28e-05 1.17e-03  1.93e+01     1s
  32   1.09555061e+10  1.09553368e+10  3.14e-06 5.58e-04  2.54e+00     1s
  33   1.09554583e+10  1.09553911e+10  8.93e-07 2.49e-04  1.01e+00     1s
  34   1.09554412e+10  1.09554238e+10  1.04e-07 6.93e-05  2.62e-01     1s
  35   1.09554389e+10  1.09554322e+10  2.66e-08 3.04e-05  1.01e-01     1s
  36   1.09554381e+10  1.09554358e+10  4.00e-09 1.58e-05  3.51e-02     1s
  37   1.09554381e+10  1.09554364e+10  3.14e-09 1.10e-05  2.51e-02     1s

Barrier solved model in 37 iterations and 0.80 seconds
Optimal objective 1.09554381e+10

INFO:pypsa.linopt:No model basis stored
INFO:pypsa.linopf:Optimization successful. Objective value: 1.10e+10
/home/wl767604/Vorlagen/pypsa-eur/envs/ENTER/envs/pypsa-eur/lib/python3.8/site-packages/pypsa/linopf.py:992: FutureWarning: Index.__and__ operating as a set operation is deprecated, in the future this will be a logical operation matching Series.__and__.  Use index.intersection(other) instead
  ln_i = (n.lines.query('carrier == @carrier').index & ext_untyped_i)
/home/wl767604/Vorlagen/pypsa-eur/envs/ENTER/envs/pypsa-eur/lib/python3.8/site-packages/pypsa/linopf.py:994: FutureWarning: Index.__and__ operating as a set operation is deprecated, in the future this will be a logical operation matching Series.__and__.  Use index.intersection(other) instead
  ln_i = ext_i & typed_i
INFO:pypsa.linopf:Mean square difference after iteration 3 is 0.0
INFO:pypsa.linopf:Running last lopf with fixed branches, overwrite p_nom for links and s_nom for lines
/home/wl767604/Vorlagen/pypsa-eur/envs/ENTER/envs/pypsa-eur/lib/python3.8/site-packages/numpy/core/_asarray.py:83: VisibleDeprecationWarning: Creating an ndarray from ragged nested sequences (which is a list-or-tuple of lists-or-tuples-or ndarrays with different lengths or shapes) is deprecated. If you meant to do this, you must specify 'dtype=object' when creating the ndarray
  return array(a, dtype, copy=False, order=order)
INFO:pypsa.linopf:Prepare linear problem
/home/wl767604/Vorlagen/pypsa-eur/envs/ENTER/envs/pypsa-eur/lib/python3.8/site-packages/pypsa/linopf.py:85: FutureWarning: Index.__or__ operating as a set operation is deprecated, in the future this will be a logical operation matching Series.__or__.  Use index.union(other) instead
  ext_i = ext_i | n.generators.query('committable').index
/home/wl767604/Vorlagen/pypsa-eur/envs/ENTER/envs/pypsa-eur/lib/python3.8/site-packages/pypsa/linopf.py:185: FutureWarning: Index.__and__ operating as a set operation is deprecated, in the future this will be a logical operation matching Series.__and__.  Use index.intersection(other) instead
  if not (ext_i & com_i).empty:
INFO:pypsa.linopf:Total preparation time: 0.36s
INFO:pypsa.linopf:Solve linear problem using Gurobi solver
Read LP format model from file /tmp/wl767604/login18-x-1_147050/pypsa-problem-79osu9ec.lp
Reading time = 0.14 seconds
obj: 73366 rows, 34327 columns, 131589 nonzeros
Changed value of parameter threads to 4
   Prev: 0  Min: 0  Max: 1024  Default: 0
Changed value of parameter method to 2
   Prev: -1  Min: -1  Max: 5  Default: -1
Changed value of parameter crossover to 0
   Prev: -1  Min: -1  Max: 5  Default: -1
Changed value of parameter BarConvTol to 1e-05
   Prev: 1e-08  Min: 0.0  Max: 1.0  Default: 1e-08
Parameter FeasibilityTol unchanged
   Value: 1e-06  Min: 1e-09  Max: 0.01  Default: 1e-06
Changed value of parameter AggFill to 0
   Prev: -1  Min: -1  Max: 2000000000  Default: -1
Changed value of parameter PreDual to 0
   Prev: -1  Min: -1  Max: 2  Default: -1
Changed value of parameter GURO_PAR_BARDENSETHRESH to 200
   Prev: -1  Min: -1  Max: 2000000000  Default: -1
Gurobi Optimizer version 9.1.1 build v9.1.1rc0 (linux64)
Thread count: 48 physical cores, 48 logical processors, using up to 4 threads
Optimize a model with 73366 rows, 34327 columns and 131589 nonzeros
Model fingerprint: 0x8a8c7b7d
Coefficient statistics:
  Matrix range     [1e-02, 3e+01]
  Objective range  [2e-01, 2e+05]
  Bounds range     [1e+00, 7e+09]
  RHS range        [4e+00, 8e+07]
Warning: Model contains large bounds
         Consider reformulating model or setting NumericFocus parameter
         to avoid numerical issues.
Presolve removed 61496 rows and 915 columns
Presolve time: 0.04s
Presolved: 11870 rows, 33412 columns, 69179 nonzeros
Ordering time: 0.00s

Barrier statistics:
 Dense cols : 16
 AA' NZ     : 2.666e+04
 Factor NZ  : 2.109e+05 (roughly 20 MBytes of memory)
 Factor Ops : 5.581e+06 (less than 1 second per iteration)
 Threads    : 4

                  Objective                Residual
Iter       Primal          Dual         Primal    Dual     Compl     Time
   0   5.01417332e+12 -9.25303149e+12  7.35e+08 3.58e+03  1.79e+10     0s
   1   4.28812990e+12 -9.70422168e+12  5.53e+08 3.06e+04  1.27e+10     0s
   2   3.66270683e+11 -1.04000555e+13  4.91e+07 9.52e+03  1.32e+09     0s
   3   3.11615999e+11 -7.28716581e+12  4.09e+07 1.04e-07  9.73e+08     0s
   4   6.68171065e+10 -4.48735797e+12  1.97e+06 1.71e-08  1.11e+08     0s
   5   5.72719531e+10 -1.97610556e+12  5.22e+05 2.46e-08  3.91e+07     0s
   6   5.14279501e+10 -6.34357981e+11  1.45e+05 1.02e-08  1.22e+07     0s
   7   4.37557580e+10 -3.60991784e+11  5.08e+04 7.01e-09  6.87e+06     0s
   8   3.55264224e+10 -1.89627295e+11  2.87e+03 3.72e-09  3.71e+06     0s
   9   2.63221922e+10 -6.95723194e+10  3.19e+01 1.86e-09  1.54e+06     0s
  10   2.20172372e+10 -2.75089034e+10  2.07e+01 8.15e-10  7.89e+05     0s
  11   1.87550696e+10 -1.04497726e+10  1.29e+01 4.66e-10  4.59e+05     0s
  12   1.56110138e+10  1.77570072e+08  6.12e+00 4.07e-10  2.38e+05     0s
  13   1.35265543e+10  6.03900345e+09  2.89e+00 1.05e-09  1.14e+05     0s
  14   1.29172158e+10  8.01031592e+09  2.13e+00 5.82e-10  7.44e+04     0s
  15   1.23252013e+10  8.48053633e+09  1.44e+00 5.82e-10  5.81e+04     0s
  16   1.19063699e+10  9.13877421e+09  9.74e-01 4.66e-10  4.18e+04     0s
  17   1.17293182e+10  9.49935711e+09  7.85e-01 8.15e-10  3.36e+04     0s
  18   1.15444310e+10  9.94230504e+09  5.95e-01 4.66e-10  2.41e+04     0s
  19   1.13286793e+10  1.01919743e+10  3.83e-01 2.91e-10  1.71e+04     0s
  20   1.11364023e+10  1.03834801e+10  1.97e-01 4.66e-10  1.13e+04     0s
  21   1.10321669e+10  1.05439790e+10  1.02e-01 8.15e-10  7.32e+03     0s
  22   1.09994089e+10  1.06225552e+10  7.51e-02 5.82e-10  5.65e+03     0s
  23   1.09754226e+10  1.07114997e+10  5.47e-02 8.15e-10  3.96e+03     0s
  24   1.09460880e+10  1.07474270e+10  3.19e-02 4.66e-10  2.98e+03     0s
  25   1.09287655e+10  1.08071571e+10  1.92e-02 2.33e-10  1.82e+03     0s
  26   1.09138933e+10  1.08556043e+10  8.50e-03 1.40e-09  8.73e+02     0s
  27   1.09086565e+10  1.08779887e+10  4.90e-03 6.98e-10  4.60e+02     0s
  28   1.09040284e+10  1.08876015e+10  2.28e-03 2.33e-10  2.46e+02     0s
  29   1.09007984e+10  1.08955235e+10  4.87e-04 5.82e-10  7.90e+01     0s
  30   1.08997644e+10  1.08992119e+10  8.85e-06 1.05e-09  8.27e+00     0s
  31   1.08996522e+10  1.08995512e+10  5.58e-07 5.82e-10  1.51e+00     0s
  32   1.08996448e+10  1.08996113e+10  1.64e-07 5.24e-10  5.01e-01     0s
  33   1.08996420e+10  1.08996294e+10  5.08e-08 1.86e-09  1.88e-01     0s
  34   1.08996409e+10  1.08996348e+10  2.30e-08 1.40e-09  9.18e-02     0s
  35   1.08996404e+10  1.08996381e+10  1.15e-08 1.86e-09  3.36e-02     0s
  36   1.08996402e+10  1.08996391e+10  1.20e-08 1.09e-08  1.74e-02     0s

Barrier solved model in 36 iterations and 0.50 seconds
Optimal objective 1.08996402e+10

INFO:pypsa.linopt:No model basis stored
INFO:pypsa.linopf:Optimization successful. Objective value: 1.09e+10
INFO:pypsa.io:Exported network elec_s_6_ec_lcopt_Co2L-24H.nc has lines, storage_units, global_constraints, loads, carriers, generators, buses
INFO:__main__:Maximum memory usage: (376.08984375, 1616425016.5393944)
[Mon Mar 22 15:56:57 2021]
Finished job 0.
5 of 5 steps (100%) done
Complete log: /rwthfs/rz/cluster/home/wl767604/Vorlagen/pypsa-eur/.snakemake/log/2021-03-22T155354.410731.snakemake.log
(pypsa-eur) wl767604@login18-x-1:~/Vorlagen/pypsa-eur[54]$ snakemake -j 1 results/networks/elec_s300_150_ec_lcopt_1H.nc --keep-target-files
Using license file /usr/local_rwth/sw/gurobi/gurobi.lic
Set parameter TokenServer to value license6.itc.rwth-aachen.de
Set parameter TSPort to value 50039
No parameters matching '_test' found
Building DAG of jobs...
Using shell: /usr/local_rwth/bin/bash
Provided cores: 1 (use --cores to define parallelism)
Rules claiming more threads will be scaled down.
Job counts:
	count	jobs
	1	solve_network
	1
Select jobs to execute...

[Mon Mar 22 15:59:14 2021]
rule solve_network:
    input: networks/elec_s300_150_ec_lcopt_1H.nc
    output: results/networks/elec_s300_150_ec_lcopt_1H.nc
    log: logs/solve_network/elec_s300_150_ec_lcopt_1H_solver.log, logs/solve_network/elec_s300_150_ec_lcopt_1H_python.log, logs/solve_network/elec_s300_150_ec_lcopt_1H_memory.log
    jobid: 0
    benchmark: benchmarks/solve_network/elec_s300_150_ec_lcopt_1H
    wildcards: simpl=300, clusters=150, ll=copt, opts=1H
    resources: mem=117750

Using license file /usr/local_rwth/sw/gurobi/gurobi.lic
Set parameter TokenServer to value license6.itc.rwth-aachen.de
Set parameter TSPort to value 50039
No parameters matching '_test' found
Job counts:
	count	jobs
	1	solve_network
	1
/home/wl767604/Vorlagen/pypsa-eur/envs/ENTER/envs/pypsa-eur/lib/python3.8/site-packages/pypsa/io.py:771: FutureWarning: Index.__or__ operating as a set operation is deprecated, in the future this will be a logical operation matching Series.__or__.  Use index.union(other) instead
  pnl[attr] = pnl[attr].reindex(columns=(pnl[attr].columns | columns))
INFO:pypsa.io:Imported network elec_s300_150_ec_lcopt_1H.nc has buses, carriers, generators, lines, loads, storage_units
INFO:numexpr.utils:Note: NumExpr detected 48 cores but "NUMEXPR_MAX_THREADS" not set, so enforcing safe limit of 8.
/home/wl767604/Vorlagen/pypsa-eur/envs/ENTER/envs/pypsa-eur/lib/python3.8/site-packages/pypsa/linopf.py:984: FutureWarning: Index.__and__ operating as a set operation is deprecated, in the future this will be a logical operation matching Series.__and__.  Use index.intersection(other) instead
  ext_typed_i = ext_i & typed_i
INFO:pypsa.linopf:Prepare linear problem
/home/wl767604/Vorlagen/pypsa-eur/envs/ENTER/envs/pypsa-eur/lib/python3.8/site-packages/pypsa/linopf.py:85: FutureWarning: Index.__or__ operating as a set operation is deprecated, in the future this will be a logical operation matching Series.__or__.  Use index.union(other) instead
  ext_i = ext_i | n.generators.query('committable').index
/home/wl767604/Vorlagen/pypsa-eur/envs/ENTER/envs/pypsa-eur/lib/python3.8/site-packages/pypsa/linopf.py:185: FutureWarning: Index.__and__ operating as a set operation is deprecated, in the future this will be a logical operation matching Series.__and__.  Use index.intersection(other) instead
  if not (ext_i & com_i).empty:
INFO:pypsa.linopf:Total preparation time: 75.33s
INFO:pypsa.linopf:Solve linear problem using Gurobi solver
Using license file /usr/local_rwth/sw/gurobi/gurobi.lic
Set parameter TokenServer to value license6.itc.rwth-aachen.de
Set parameter TSPort to value 50039
Read LP format model from file /tmp/wl767604/login18-x-1_147050/pypsa-problem-oxxjoene.lp
Reading time = 44.50 seconds
obj: 18282120 rows, 8103534 columns, 38302034 nonzeros
Changed value of parameter threads to 4
   Prev: 0  Min: 0  Max: 1024  Default: 0
Changed value of parameter method to 2
   Prev: -1  Min: -1  Max: 5  Default: -1
Changed value of parameter crossover to 0
   Prev: -1  Min: -1  Max: 5  Default: -1
Changed value of parameter BarConvTol to 1e-05
   Prev: 1e-08  Min: 0.0  Max: 1.0  Default: 1e-08
Parameter FeasibilityTol unchanged
   Value: 1e-06  Min: 1e-09  Max: 0.01  Default: 1e-06
Changed value of parameter AggFill to 0
   Prev: -1  Min: -1  Max: 2000000000  Default: -1
Changed value of parameter PreDual to 0
   Prev: -1  Min: -1  Max: 2  Default: -1
Changed value of parameter GURO_PAR_BARDENSETHRESH to 200
   Prev: -1  Min: -1  Max: 2000000000  Default: -1
Gurobi Optimizer version 9.1.1 build v9.1.1rc0 (linux64)
Thread count: 48 physical cores, 48 logical processors, using up to 4 threads
Optimize a model with 18282120 rows, 8103534 columns and 38302034 nonzeros
Model fingerprint: 0xf48e5ee0
Coefficient statistics:
  Matrix range     [1e-02, 6e+01]
  Objective range  [9e-03, 2e+05]
  Bounds range     [2e+00, 9e+09]
  RHS range        [4e-03, 2e+05]
Warning: Model contains large bounds
         Consider reformulating model or setting NumericFocus parameter
         to avoid numerical issues.
Presolve removed 10578697 rows and 1052331 columns (presolve time = 5s) ...
Presolve removed 10578697 rows and 1052331 columns (presolve time = 10s) ...
Presolve removed 10592180 rows and 1065814 columns (presolve time = 21s) ...
Presolve removed 10592180 rows and 1065814 columns (presolve time = 25s) ...
Presolve removed 10592180 rows and 1065814 columns
Presolve time: 27.17s
Presolved: 7689940 rows, 7037720 columns, 26613801 nonzeros
Ordering time: 4.54s

Barrier statistics:
 Dense cols : 532
 Free vars  : 1931294
 AA' NZ     : 4.084e+07
 Factor NZ  : 2.909e+08 (roughly 8.0 GBytes of memory)
 Factor Ops : 7.616e+10 (roughly 2 seconds per iteration)
 Threads    : 4

                  Objective                Residual
Iter       Primal          Dual         Primal    Dual     Compl     Time
   0   6.87982044e+12 -2.62737749e+13  1.48e+05 6.10e+02  4.30e+08    57s
   1   6.21352002e+12 -1.92591359e+13  1.28e+05 1.70e+04  2.78e+08    67s
   2   5.15460839e+12 -1.92207940e+13  1.03e+05 3.45e+03  1.95e+08    78s
   3   2.16971899e+12 -1.84864185e+13  4.17e+04 8.76e+02  7.98e+07    90s
   4   7.71150095e+11 -1.67954195e+13  1.33e+04 2.60e+02  2.68e+07   101s
   5   1.51219930e+11 -1.39869211e+13  7.26e+02 1.29e+02  2.78e+06   110s
   6   1.26534887e+11 -5.22045804e+12  2.37e+02 2.68e+01  8.15e+05   121s
   7   1.14700992e+11 -1.31424825e+12  9.98e+01 1.63e+00  2.09e+05   134s
   8   1.01516023e+11 -8.71820583e+11  3.30e+01 6.83e-01  1.03e+05   144s
   9   9.32076855e+10 -6.16928651e+11  1.93e+01 3.34e-01  6.87e+04   153s
  10   8.27996842e+10 -4.12335616e+11  1.26e+01 1.39e-01  4.54e+04   163s
  11   6.39163719e+10 -2.84524027e+11  3.64e+00 2.78e-02  2.80e+04   174s
  12   4.28623320e+10 -1.24024532e+11  1.04e+00 5.55e-03  1.26e+04   186s
  13   3.12876271e+10 -7.62503519e+10  5.73e-01 5.25e-03  7.98e+03   197s
  14   2.60265605e+10 -6.38469296e+10  4.27e-01 5.07e-03  6.62e+03   206s
  15   2.36946882e+10 -3.72739161e+10  3.76e-01 4.46e-03  4.48e+03   216s
  16   1.94273948e+10 -2.42935535e+10  2.87e-01 4.34e-03  3.19e+03   227s
  17   1.62263485e+10 -1.25718716e+10  2.29e-01 4.10e-03  2.10e+03   239s
  18   1.32726781e+10 -5.27387325e+09  1.81e-01 3.83e-03  1.34e+03   254s
  19   1.01942767e+10 -1.53101495e+09  1.35e-01 3.49e-03  8.46e+02   268s
  20   8.10409449e+09  3.33606224e+08  1.01e-01 2.78e-03  5.59e+02   283s
  21   6.59694794e+09  1.06746341e+09  7.74e-02 2.21e-03  3.96e+02   296s
  22   5.64392273e+09  1.29519444e+09  6.26e-02 1.94e-03  3.11e+02   307s
  23   5.29859887e+09  1.41138812e+09  5.66e-02 1.75e-03  2.78e+02   316s
  24   4.77860679e+09  1.55999400e+09  4.74e-02 1.52e-03  2.30e+02   325s
  25   4.39736951e+09  1.68724318e+09  4.09e-02 1.32e-03  1.94e+02   336s
  26   4.01476686e+09  1.79526019e+09  3.50e-02 1.17e-03  1.58e+02   349s
  27   3.52440119e+09  1.91226459e+09  2.67e-02 1.01e-03  1.15e+02   365s
  28   3.19058996e+09  1.99597832e+09  2.10e-02 8.86e-04  8.52e+01   379s
  29   2.93124206e+09  2.06091424e+09  1.61e-02 8.53e-04  6.20e+01   394s
  30   2.76029738e+09  2.09435215e+09  1.29e-02 6.68e-04  4.74e+01   409s
  31   2.62679562e+09  2.11784439e+09  1.01e-02 5.29e-04  3.62e+01   424s
  32   2.55192769e+09  2.12952927e+09  8.70e-03 4.61e-04  3.01e+01   438s
  33   2.48525579e+09  2.13732584e+09  7.22e-03 4.10e-04  2.48e+01   453s
  34   2.42231678e+09  2.14448095e+09  5.84e-03 3.71e-04  1.98e+01   467s
  35   2.36604869e+09  2.15365102e+09  4.65e-03 3.66e-04  1.51e+01   482s
  36   2.33216085e+09  2.16039194e+09  3.82e-03 3.42e-04  1.22e+01   496s
  37   2.31251146e+09  2.16608319e+09  3.41e-03 3.12e-04  1.04e+01   511s
  38   2.28399790e+09  2.16982290e+09  2.72e-03 3.08e-04  8.11e+00   526s
  39   2.26971542e+09  2.17318301e+09  2.39e-03 2.92e-04  6.86e+00   540s
  40   2.25311584e+09  2.17501297e+09  1.95e-03 3.18e-04  5.55e+00   555s
  41   2.24439375e+09  2.17655604e+09  1.76e-03 3.39e-04  4.82e+00   570s
  42   2.23044640e+09  2.17753637e+09  1.39e-03 3.46e-04  3.76e+00   584s
  43   2.22658183e+09  2.17827221e+09  1.30e-03 3.32e-04  3.43e+00   599s
  44   2.21591888e+09  2.17932547e+09  1.00e-03 2.87e-04  2.60e+00   613s
  45   2.20716450e+09  2.17979921e+09  7.44e-04 2.23e-04  1.94e+00   630s
  46   2.20172406e+09  2.18032888e+09  5.89e-04 1.66e-04  1.52e+00   646s
  47   2.19543272e+09  2.18059762e+09  4.24e-04 1.32e-04  1.05e+00   664s
  48   2.19217000e+09  2.18092183e+09  3.39e-04 9.28e-05  7.99e-01   682s
  49   2.18905900e+09  2.18108910e+09  2.37e-04 7.20e-05  5.66e-01   699s
  50   2.18656898e+09  2.18120904e+09  1.54e-04 5.86e-05  3.81e-01   717s
  51   2.18557265e+09  2.18136168e+09  1.22e-04 4.43e-05  2.99e-01   733s
  52   2.18417991e+09  2.18153855e+09  7.64e-05 3.16e-05  1.88e-01   751s
  53   2.18319863e+09  2.18159266e+09  4.42e-05 2.68e-05  1.14e-01   769s
  54   2.18289359e+09  2.18169591e+09  3.46e-05 1.96e-05  8.52e-02   785s
  55   2.18247636e+09  2.18175478e+09  2.09e-05 1.77e-05  5.13e-02   800s
  56   2.18229834e+09  2.18177015e+09  1.50e-05 1.34e-05  3.76e-02   813s
  57   2.18220880e+09  2.18177774e+09  1.21e-05 1.12e-05  3.07e-02   824s
  58   2.18218116e+09  2.18178540e+09  1.12e-05 9.57e-06  2.81e-02   835s
  59   2.18209166e+09  2.18179737e+09  8.32e-06 6.43e-06  2.09e-02   847s
  60   2.18203559e+09  2.18180219e+09  6.54e-06 5.29e-06  1.66e-02   858s
  61   2.18200209e+09  2.18180981e+09  5.49e-06 3.87e-06  1.37e-02   870s
  62   2.18196641e+09  2.18181171e+09  4.36e-06 3.53e-06  1.10e-02   881s
  63   2.18193220e+09  2.18181544e+09  3.28e-06 4.05e-06  8.30e-03   892s
  64   2.18191121e+09  2.18181789e+09  2.61e-06 2.99e-06  6.63e-03   903s

Barrier solved model in 64 iterations and 903.44 seconds
Optimal objective 2.18191121e+09

INFO:pypsa.linopt:No model basis stored
INFO:pypsa.linopf:Optimization successful. Objective value: 2.18e+09
/home/wl767604/Vorlagen/pypsa-eur/envs/ENTER/envs/pypsa-eur/lib/python3.8/site-packages/pypsa/linopf.py:992: FutureWarning: Index.__and__ operating as a set operation is deprecated, in the future this will be a logical operation matching Series.__and__.  Use index.intersection(other) instead
  ln_i = (n.lines.query('carrier == @carrier').index & ext_untyped_i)
/home/wl767604/Vorlagen/pypsa-eur/envs/ENTER/envs/pypsa-eur/lib/python3.8/site-packages/pypsa/linopf.py:994: FutureWarning: Index.__and__ operating as a set operation is deprecated, in the future this will be a logical operation matching Series.__and__.  Use index.intersection(other) instead
  ln_i = ext_i & typed_i
INFO:pypsa.linopf:Mean square difference after iteration 1 is 1.123711944751046
INFO:pypsa.linopf:Prepare linear problem
/home/wl767604/Vorlagen/pypsa-eur/envs/ENTER/envs/pypsa-eur/lib/python3.8/site-packages/pypsa/linopf.py:85: FutureWarning: Index.__or__ operating as a set operation is deprecated, in the future this will be a logical operation matching Series.__or__.  Use index.union(other) instead
  ext_i = ext_i | n.generators.query('committable').index
/home/wl767604/Vorlagen/pypsa-eur/envs/ENTER/envs/pypsa-eur/lib/python3.8/site-packages/pypsa/linopf.py:185: FutureWarning: Index.__and__ operating as a set operation is deprecated, in the future this will be a logical operation matching Series.__and__.  Use index.intersection(other) instead
  if not (ext_i & com_i).empty:
INFO:pypsa.linopf:Total preparation time: 74.84s
INFO:pypsa.linopf:Solve linear problem using Gurobi solver
Read LP format model from file /tmp/wl767604/login18-x-1_147050/pypsa-problem-mdsnutp_.lp
Reading time = 44.44 seconds
obj: 18282120 rows, 8103534 columns, 38302034 nonzeros
Changed value of parameter threads to 4
   Prev: 0  Min: 0  Max: 1024  Default: 0
Changed value of parameter method to 2
   Prev: -1  Min: -1  Max: 5  Default: -1
Changed value of parameter crossover to 0
   Prev: -1  Min: -1  Max: 5  Default: -1
Changed value of parameter BarConvTol to 1e-05
   Prev: 1e-08  Min: 0.0  Max: 1.0  Default: 1e-08
Parameter FeasibilityTol unchanged
   Value: 1e-06  Min: 1e-09  Max: 0.01  Default: 1e-06
Changed value of parameter AggFill to 0
   Prev: -1  Min: -1  Max: 2000000000  Default: -1
Changed value of parameter PreDual to 0
   Prev: -1  Min: -1  Max: 2  Default: -1
Changed value of parameter GURO_PAR_BARDENSETHRESH to 200
   Prev: -1  Min: -1  Max: 2000000000  Default: -1
Gurobi Optimizer version 9.1.1 build v9.1.1rc0 (linux64)
Thread count: 48 physical cores, 48 logical processors, using up to 4 threads
Optimize a model with 18282120 rows, 8103534 columns and 38302034 nonzeros
Model fingerprint: 0x82952d9f
Coefficient statistics:
  Matrix range     [1e-02, 6e+01]
  Objective range  [9e-03, 2e+05]
  Bounds range     [2e+00, 9e+09]
  RHS range        [4e-03, 2e+05]
Warning: Model contains large bounds
         Consider reformulating model or setting NumericFocus parameter
         to avoid numerical issues.
Presolve removed 10578697 rows and 1052331 columns (presolve time = 5s) ...
Presolve removed 10578697 rows and 1052331 columns (presolve time = 10s) ...
Presolve removed 10592180 rows and 1065814 columns (presolve time = 20s) ...
Presolve removed 10592180 rows and 1065814 columns (presolve time = 22s) ...
Presolve removed 10592180 rows and 1065814 columns
Presolve time: 25.17s
Presolved: 7689940 rows, 7037720 columns, 26613801 nonzeros
Ordering time: 4.54s

Barrier statistics:
 Dense cols : 532
 Free vars  : 1931294
 AA' NZ     : 4.084e+07
 Factor NZ  : 2.909e+08 (roughly 8.0 GBytes of memory)
 Factor Ops : 7.616e+10 (roughly 2 seconds per iteration)
 Threads    : 4

                  Objective                Residual
Iter       Primal          Dual         Primal    Dual     Compl     Time
   0   6.87982074e+12 -2.62737746e+13  1.48e+05 6.09e+02  4.30e+08    55s
   1   6.21351502e+12 -1.92590947e+13  1.28e+05 1.70e+04  2.78e+08    65s
   2   5.15460421e+12 -1.92208926e+13  1.03e+05 3.45e+03  1.95e+08    77s
   3   2.17035540e+12 -1.84860177e+13  4.17e+04 8.76e+02  7.98e+07    90s
   4   7.71110402e+11 -1.67954029e+13  1.33e+04 2.59e+02  2.68e+07   101s
   5   1.50846580e+11 -1.39643521e+13  7.17e+02 1.27e+02  2.76e+06   110s
   6   1.26507896e+11 -5.22424958e+12  2.36e+02 2.66e+01  8.13e+05   121s
   7   1.14714449e+11 -1.31007666e+12  9.96e+01 1.61e+00  2.08e+05   133s
   8   1.01492215e+11 -8.69346527e+11  3.29e+01 6.73e-01  1.03e+05   144s
   9   9.31867673e+10 -6.15193608e+11  1.93e+01 3.24e-01  6.85e+04   154s
  10   8.27661738e+10 -4.11167852e+11  1.26e+01 1.33e-01  4.53e+04   163s
  11   6.38680771e+10 -2.83818929e+11  3.65e+00 2.37e-02  2.79e+04   174s
  12   4.28104512e+10 -1.23910116e+11  1.05e+00 5.56e-03  1.26e+04   187s
  13   3.13213642e+10 -7.59943369e+10  5.79e-01 5.26e-03  7.96e+03   198s
  14   2.60923499e+10 -6.38776417e+10  4.34e-01 5.09e-03  6.63e+03   208s
  15   2.37121213e+10 -3.72645917e+10  3.81e-01 4.47e-03  4.48e+03   217s
  16   1.94487147e+10 -2.43374863e+10  2.90e-01 4.36e-03  3.20e+03   228s
  17   1.62032821e+10 -1.26037314e+10  2.32e-01 4.11e-03  2.10e+03   241s
  18   1.35100687e+10 -7.75074712e+09  1.86e-01 4.06e-03  1.54e+03   255s
  19   1.11918689e+10 -3.33320533e+09  1.48e-01 3.66e-03  1.05e+03   270s
  20   8.65101739e+09 -2.87876153e+08  1.08e-01 2.96e-03  6.43e+02   284s
  21   6.92786496e+09  6.68230623e+08  8.12e-02 2.45e-03  4.49e+02   299s
  22   6.48845002e+09  8.28493689e+08  7.35e-02 2.33e-03  4.06e+02   311s
  23   5.87973049e+09  1.08658805e+09  6.46e-02 2.09e-03  3.43e+02   322s
  24   5.37374128e+09  1.28708768e+09  5.61e-02 1.83e-03  2.92e+02   332s
  25   4.73022060e+09  1.48773185e+09  4.60e-02 1.58e-03  2.32e+02   343s
  26   4.17815299e+09  1.67815201e+09  3.70e-02 1.32e-03  1.79e+02   355s
  27   3.71988544e+09  1.83453071e+09  2.96e-02 1.09e-03  1.35e+02   370s
  28   3.27911324e+09  1.95205718e+09  2.15e-02 1.29e-03  9.46e+01   384s
  29   3.02573148e+09  2.02465393e+09  1.66e-02 8.88e-04  7.13e+01   398s
  30   2.83966885e+09  2.07116839e+09  1.31e-02 7.03e-04  5.47e+01   413s
  31   2.68834954e+09  2.09247207e+09  1.03e-02 6.71e-04  4.24e+01   425s
  32   2.56969421e+09  2.11108882e+09  7.92e-03 6.00e-04  3.26e+01   439s
  33   2.49112086e+09  2.12484213e+09  6.42e-03 5.08e-04  2.61e+01   454s
  34   2.43301014e+09  2.13538409e+09  5.26e-03 4.61e-04  2.12e+01   468s
  35   2.41440874e+09  2.13862477e+09  4.87e-03 4.58e-04  1.96e+01   479s
  36   2.39507185e+09  2.14148516e+09  4.46e-03 4.60e-04  1.80e+01   490s
  37   2.35267491e+09  2.15044257e+09  3.68e-03 4.00e-04  1.44e+01   504s
  38   2.32148332e+09  2.15949985e+09  3.08e-03 3.55e-04  1.15e+01   518s
  39   2.29694154e+09  2.16348916e+09  2.58e-03 3.21e-04  9.48e+00   533s
/usr/local_rwth/bin/bash: Zeile 1: 18238 Beendet                 /home/wl767604/Vorlagen/pypsa-eur/envs/ENTER/envs/pypsa-eur/bin/python3.8 /rwthfs/rz/cluster/home/wl767604/Vorlagen/pypsa-eur/.snakemake/shadow/tmpw5nsdxti/.snakemake/scripts/tmp4h52qaw7.solve_network.py
[Mon Mar 22 16:30:02 2021]
Error in rule solve_network:
    jobid: 0
    output: results/networks/elec_s300_150_ec_lcopt_1H.nc
    log: logs/solve_network/elec_s300_150_ec_lcopt_1H_solver.log, logs/solve_network/elec_s300_150_ec_lcopt_1H_python.log, logs/solve_network/elec_s300_150_ec_lcopt_1H_memory.log (check log file(s) for error message)

RuleException:
CalledProcessError in line 319 of /rwthfs/rz/cluster/home/wl767604/Vorlagen/pypsa-eur/Snakefile:
Command 'set -euo pipefail;  /home/wl767604/Vorlagen/pypsa-eur/envs/ENTER/envs/pypsa-eur/bin/python3.8 /rwthfs/rz/cluster/home/wl767604/Vorlagen/pypsa-eur/.snakemake/shadow/tmpw5nsdxti/.snakemake/scripts/tmp4h52qaw7.solve_network.py' returned non-zero exit status 143.
  File "/home/wl767604/Vorlagen/pypsa-eur/envs/ENTER/envs/pypsa-eur/lib/python3.8/site-packages/snakemake/executors/__init__.py", line 2272, in run_wrapper
  File "/rwthfs/rz/cluster/home/wl767604/Vorlagen/pypsa-eur/Snakefile", line 319, in __rule_solve_network
  File "/home/wl767604/Vorlagen/pypsa-eur/envs/ENTER/envs/pypsa-eur/lib/python3.8/site-packages/snakemake/executors/__init__.py", line 568, in _callback
  File "/home/wl767604/Vorlagen/pypsa-eur/envs/ENTER/envs/pypsa-eur/lib/python3.8/concurrent/futures/thread.py", line 57, in run
  File "/home/wl767604/Vorlagen/pypsa-eur/envs/ENTER/envs/pypsa-eur/lib/python3.8/site-packages/snakemake/executors/__init__.py", line 554, in cached_or_run
  File "/home/wl767604/Vorlagen/pypsa-eur/envs/ENTER/envs/pypsa-eur/lib/python3.8/site-packages/snakemake/executors/__init__.py", line 2357, in run_wrapper
Exiting because a job execution failed. Look above for error message
Shutting down, this might take some time.
Exiting because a job execution failed. Look above for error message
Complete log: /rwthfs/rz/cluster/home/wl767604/Vorlagen/pypsa-eur/.snakemake/log/2021-03-22T155911.781974.snakemake.log
(pypsa-eur) wl767604@login18-x-1:~/Vorlagen/pypsa-eur[55]$ Process MemTimer-1:
Traceback (most recent call last):
  File "/home/wl767604/Vorlagen/pypsa-eur/envs/ENTER/envs/pypsa-eur/lib/python3.8/site-packages/psutil/_common.py", line 447, in wrapper
    ret = self._cache[fun]
AttributeError: _cache

During handling of the above exception, another exception occurred:

Traceback (most recent call last):
  File "/home/wl767604/Vorlagen/pypsa-eur/envs/ENTER/envs/pypsa-eur/lib/python3.8/site-packages/psutil/_pslinux.py", line 1576, in wrapper
    return fun(self, *args, **kwargs)
  File "/home/wl767604/Vorlagen/pypsa-eur/envs/ENTER/envs/pypsa-eur/lib/python3.8/site-packages/psutil/_common.py", line 450, in wrapper
    return fun(self)
  File "/home/wl767604/Vorlagen/pypsa-eur/envs/ENTER/envs/pypsa-eur/lib/python3.8/site-packages/psutil/_pslinux.py", line 1618, in _parse_stat_file
    with open_binary("%s/%s/stat" % (self._procfs_path, self.pid)) as f:
  File "/home/wl767604/Vorlagen/pypsa-eur/envs/ENTER/envs/pypsa-eur/lib/python3.8/site-packages/psutil/_common.py", line 711, in open_binary
    return open(fname, "rb", **kwargs)
FileNotFoundError: [Errno 2] No such file or directory: '/proc/18238/stat'

During handling of the above exception, another exception occurred:

Traceback (most recent call last):
  File "/home/wl767604/Vorlagen/pypsa-eur/envs/ENTER/envs/pypsa-eur/lib/python3.8/site-packages/psutil/__init__.py", line 354, in _init
    self.create_time()
  File "/home/wl767604/Vorlagen/pypsa-eur/envs/ENTER/envs/pypsa-eur/lib/python3.8/site-packages/psutil/__init__.py", line 710, in create_time
    self._create_time = self._proc.create_time()
  File "/home/wl767604/Vorlagen/pypsa-eur/envs/ENTER/envs/pypsa-eur/lib/python3.8/site-packages/psutil/_pslinux.py", line 1576, in wrapper
    return fun(self, *args, **kwargs)
  File "/home/wl767604/Vorlagen/pypsa-eur/envs/ENTER/envs/pypsa-eur/lib/python3.8/site-packages/psutil/_pslinux.py", line 1788, in create_time
    ctime = float(self._parse_stat_file()['create_time'])
  File "/home/wl767604/Vorlagen/pypsa-eur/envs/ENTER/envs/pypsa-eur/lib/python3.8/site-packages/psutil/_pslinux.py", line 1583, in wrapper
    raise NoSuchProcess(self.pid, self._name)
psutil.NoSuchProcess: psutil.NoSuchProcess process no longer exists (pid=18238)

During handling of the above exception, another exception occurred:

Traceback (most recent call last):
  File "/home/wl767604/Vorlagen/pypsa-eur/envs/ENTER/envs/pypsa-eur/lib/python3.8/multiprocessing/process.py", line 315, in _bootstrap
    self.run()
  File "/home/wl767604/Vorlagen/pypsa-eur/envs/ENTER/envs/pypsa-eur/lib/python3.8/site-packages/vresutils/benchmark.py", line 80, in run
    _get_memory(self.monitor_pid, self.backend,
  File "/home/wl767604/Vorlagen/pypsa-eur/envs/ENTER/envs/pypsa-eur/lib/python3.8/site-packages/memory_profiler.py", line 184, in _get_memory
    return tools[backend]()
  File "/home/wl767604/Vorlagen/pypsa-eur/envs/ENTER/envs/pypsa-eur/lib/python3.8/site-packages/memory_profiler.py", line 128, in ps_util_tool
    process = psutil.Process(pid)
  File "/home/wl767604/Vorlagen/pypsa-eur/envs/ENTER/envs/pypsa-eur/lib/python3.8/site-packages/psutil/__init__.py", line 326, in __init__
    self._init(pid)
  File "/home/wl767604/Vorlagen/pypsa-eur/envs/ENTER/envs/pypsa-eur/lib/python3.8/site-packages/psutil/__init__.py", line 367, in _init
    raise NoSuchProcess(pid, None, msg)
psutil.NoSuchProcess: psutil.NoSuchProcess no process found with pid 18238
(pypsa-eur) wl767604@login18-x-1:~/Vorlagen/pypsa-eur[55]$ 
